<?xml version="1.0" encoding="UTF-8"?>
<testsuite xmlns:xsi="http://www.w3.org/2001/XMLSchema-instance" xsi:noNamespaceSchemaLocation="https://maven.apache.org/surefire/maven-surefire-plugin/xsd/surefire-test-report-3.0.xsd" version="3.0" name="test.java.com.shoppingcart.ShoppingCartTest" time="0.211" tests="3" errors="0" skipped="0" failures="0">
  <properties>
[...]
</properties>
  <testcase name="getSubTotalSingleProductTest" classname="test.java.com.shoppingcart.ShoppingCartTest" time="0.04">
    <system-out><![CDATA[Product added: 1 UltraPhone
]]></system-out>
  </testcase>
  <testcase name="getSubTotalMultipleProductTest" classname="test.java.com.shoppingcart.ShoppingCartTest" time="0.012">
    <system-out><![CDATA[Product added: 2 UltraPhone
Product added: 3 SuperBook
]]></system-out>
  </testcase>
  <testcase name="getSubTotalNoProductsTest" classname="test.java.com.shoppingcart.ShoppingCartTest" time="0.0"/>
</testsuite>